<?xml version="1.0" encoding="UTF-8"?>
<testng-results skipped="0" failed="0" ignored="0" total="1" passed="1">
  <reporter-output>
  </reporter-output>
  <suite name="Default suite" duration-ms="12854" started-at="2020-12-17T16:38:32Z" finished-at="2020-12-17T16:38:45Z">
    <groups>
    </groups>
    <test name="Default test" duration-ms="12854" started-at="2020-12-17T16:38:32Z" finished-at="2020-12-17T16:38:45Z">
      <class name="com.thomson.od.RolesBasedTestcases.LoginTest">
        <test-method status="PASS" signature="preCondition(org.testng.xml.XmlTest)[pri:0, instance:com.thomson.od.RolesBasedTestcases.LoginTest@233fe9b6]" name="preCondition" is-config="true" duration-ms="11676" started-at="2020-12-17T22:08:32Z" finished-at="2020-12-17T22:08:44Z">
          <params>
            <param index="0">
              <value>
                <![CDATA[[Test: "Default test" verbose:2[parameters:][metagroups:] [included: ][excluded: ]  classes: packages:] ]]>
              </value>
            </param>
          </params>
          <reporter-output>
          </reporter-output>
        </test-method> <!-- preCondition -->
        <test-method status="PASS" signature="test()[pri:0, instance:com.thomson.od.RolesBasedTestcases.LoginTest@233fe9b6]" name="test" duration-ms="7" started-at="2020-12-17T22:08:44Z" finished-at="2020-12-17T22:08:44Z">
          <reporter-output>
          </reporter-output>
        </test-method> <!-- test -->
        <test-method status="PASS" signature="postCondition()[pri:0, instance:com.thomson.od.RolesBasedTestcases.LoginTest@233fe9b6]" name="postCondition" is-config="true" duration-ms="1150" started-at="2020-12-17T22:08:44Z" finished-at="2020-12-17T22:08:45Z">
          <reporter-output>
          </reporter-output>
        </test-method> <!-- postCondition -->
      </class> <!-- com.thomson.od.RolesBasedTestcases.LoginTest -->
    </test> <!-- Default test -->
  </suite> <!-- Default suite -->
</testng-results>
